<?xml version="1.0" encoding="UTF-8"?>
<!-- Generated by org.testng.reporters.JUnitXMLReporter -->
<testsuite hostname="DESKTOP-JITCKFN" failures="0" tests="1" name="Command line test" time="0.031" errors="0" timestamp="8 Aug 2022 18:08:45 GMT">
  <testcase classname="test.com.itexps.FaceBookTest" name="@BeforeClass setUpClass" time="0.0">
    <failure type="java.io.FileNotFoundException" message="C:\data\Facebook.xlsx (The system cannot find the file specified)">
      <![CDATA[java.io.FileNotFoundException: C:\data\Facebook.xlsx (The system cannot find the file specified)
	at java.base/java.io.FileInputStream.open0(Native Method)
	at java.base/java.io.FileInputStream.open(FileInputStream.java:216)
	at java.base/java.io.FileInputStream.<init>(FileInputStream.java:157)
	at test.com.itexps.FileUtil.getLoginData(FileUtil.java:23)
	at test.com.itexps.FaceBookTest.setUpClass(FaceBookTest.java:38)
... Removed 33 stack frames]]>
    </failure>
  </testcase> <!-- @BeforeClass setUpClass -->
  <testcase classname="test.com.itexps.FaceBookTest" name="@BeforeMethod setUpMethod" time="0.0">
    <skipped/>
  </testcase> <!-- @BeforeMethod setUpMethod -->
  <testcase classname="test.com.itexps.FaceBookTest" name="@AfterMethod tearDownMethod" time="0.0">
    <skipped/>
  </testcase> <!-- @AfterMethod tearDownMethod -->
  <testcase classname="test.com.itexps.FaceBookTest" name="@AfterClass tearDownClass" time="0.0">
    <skipped/>
  </testcase> <!-- @AfterClass tearDownClass -->
  <testcase classname="test.com.itexps.FaceBookTest" name="testFacebook" time="0.001">
    <skipped/>
  </testcase> <!-- testFacebook -->
</testsuite> <!-- Command line test -->
