-------------------------------------------------------------------------------
Test set: test.com.itexps.FaceBookTest
-------------------------------------------------------------------------------
Tests run: 5, Failures: 1, Errors: 0, Skipped: 4, Time elapsed: 0.63 sec <<< FAILURE!
setUpClass(test.com.itexps.FaceBookTest)  Time elapsed: 0.446 sec  <<< FAILURE!
java.io.FileNotFoundException: C:\data\Facebook.xlsx (The system cannot find the file specified)
	at java.base/java.io.FileInputStream.open0(Native Method)
	at java.base/java.io.FileInputStream.open(FileInputStream.java:216)
	at java.base/java.io.FileInputStream.<init>(FileInputStream.java:157)
	at test.com.itexps.FileUtil.getLoginData(FileUtil.java:23)
	at test.com.itexps.FaceBookTest.setUpClass(FaceBookTest.java:38)

